d:\new_dev\findinguniqueword_sol\findinguniqueword\x64\debug\vc143.pdb
d:\new_dev\findinguniqueword_sol\findinguniqueword\x64\debug\vc143.idb
d:\new_dev\findinguniqueword_sol\findinguniqueword\x64\debug\findinguniqueword.obj
d:\new_dev\findinguniqueword_sol\x64\debug\findinguniqueword.exe
d:\new_dev\findinguniqueword_sol\x64\debug\findinguniqueword.pdb
d:\new_dev\findinguniqueword_sol\findinguniqueword\x64\debug\findinguniqueword.ilk
c:\users\shubham.agrahari\onedrive - cyncly\desktop\internship\sprint_4\code\assignment4\findinguniqueword_sol\findinguniqueword\x64\debug\findinguniqueword.obj
c:\users\shubham.agrahari\onedrive - cyncly\desktop\internship\sprint_4\code\assignment4\findinguniqueword_sol\findinguniqueword\x64\debug\findinguniqueword.ilk
c:\users\shubham.agrahari\onedrive - cyncly\desktop\internship\sprint_4\code\assignment4\findinguniqueword_sol\findinguniqueword\x64\debug\vc143.idb
c:\users\shubham.agrahari\onedrive - cyncly\desktop\internship\sprint_4\code\assignment4\findinguniqueword_sol\findinguniqueword\x64\debug\vc143.pdb
c:\users\shubham.agrahari\onedrive - cyncly\desktop\internship\sprint_4\code\assignment4\findinguniqueword_sol\x64\debug\findinguniqueword.pdb
c:\users\shubham.agrahari\onedrive - cyncly\desktop\internship\sprint_4\code\assignment4\findinguniqueword_sol\x64\debug\findinguniqueword.exe
c:\users\shubham.agrahari\onedrive - cyncly\desktop\internship\sprint_4\code\assignment4\findinguniqueword_sol\findinguniqueword\x64\debug\findingu.a379abb4.tlog\cl.command.1.tlog
c:\users\shubham.agrahari\onedrive - cyncly\desktop\internship\sprint_4\code\assignment4\findinguniqueword_sol\findinguniqueword\x64\debug\findingu.a379abb4.tlog\cl.items.tlog
c:\users\shubham.agrahari\onedrive - cyncly\desktop\internship\sprint_4\code\assignment4\findinguniqueword_sol\findinguniqueword\x64\debug\findingu.a379abb4.tlog\cl.read.1.tlog
c:\users\shubham.agrahari\onedrive - cyncly\desktop\internship\sprint_4\code\assignment4\findinguniqueword_sol\findinguniqueword\x64\debug\findingu.a379abb4.tlog\cl.write.1.tlog
c:\users\shubham.agrahari\onedrive - cyncly\desktop\internship\sprint_4\code\assignment4\findinguniqueword_sol\findinguniqueword\x64\debug\findingu.a379abb4.tlog\link.command.1.tlog
c:\users\shubham.agrahari\onedrive - cyncly\desktop\internship\sprint_4\code\assignment4\findinguniqueword_sol\findinguniqueword\x64\debug\findingu.a379abb4.tlog\link.read.1.tlog
c:\users\shubham.agrahari\onedrive - cyncly\desktop\internship\sprint_4\code\assignment4\findinguniqueword_sol\findinguniqueword\x64\debug\findingu.a379abb4.tlog\link.secondary.1.tlog
c:\users\shubham.agrahari\onedrive - cyncly\desktop\internship\sprint_4\code\assignment4\findinguniqueword_sol\findinguniqueword\x64\debug\findingu.a379abb4.tlog\link.write.1.tlog
